START
Thu Jun 25 12:47:27 +04 2026
resume: 0 done | remaining: 109679 | workers: 16
  [5000/109679] 590/s ETA 3.0min
  [10000/109679] 641/s ETA 2.6min
  [15000/109679] 663/s ETA 2.4min
  [20000/109679] 680/s ETA 2.2min
  [25000/109679] 691/s ETA 2.0min
  [30000/109679] 691/s ETA 1.9min
  [35000/109679] 695/s ETA 1.8min
  [40000/109679] 599/s ETA 1.9min
  [45000/109679] 472/s ETA 2.3min
  [50000/109679] 404/s ETA 2.5min
  [55000/109679] 352/s ETA 2.6min
  [60000/109679] 315/s ETA 2.6min
  [65000/109679] 287/s ETA 2.6min
  [70000/109679] 273/s ETA 2.4min
  [75000/109679] 252/s ETA 2.3min
  [80000/109679] 234/s ETA 2.1min
  [85000/109679] 223/s ETA 1.8min
  [90000/109679] 216/s ETA 1.5min
  [95000/109679] 207/s ETA 1.2min
  [100000/109679] 199/s ETA 0.8min
  [105000/109679] 192/s ETA 0.4min
done
END
Thu Jun 25 12:57:19 +04 2026
