device = cuda
5214 rows
  0/5214
  640/5214
  1280/5214
  1920/5214
  2560/5214
  3200/5214
  3840/5214
  4480/5214
  5120/5214

===== CodeBERT semantic similarity =====
  pairs        : 5214
  mean cosine  : 0.9792
  >= 0.95    :  4669 (89.5%)
  >=  0.9    :  5110 (98.0%)
  >=  0.8    :  5201 (99.8%)
  >=  0.7    :  5214 (100.0%)

  per-version mean cosine:
    0.8.0    n=1418  0.9792
    0.8.1    n=79    0.9686
    0.8.2    n=72    0.9692
    0.8.3    n=57    0.9736
    0.8.4    n=718   0.9772
    0.8.5    n=53    0.9922
    0.8.6    n=206   0.9729
    0.8.7    n=398   0.9776
    0.8.8    n=25    0.9852
    0.8.9    n=372   0.9820
    0.8.10   n=355   0.9848
    0.8.11   n=183   0.9753
    0.8.12   n=101   0.9826
    0.8.13   n=252   0.9824
    0.8.14   n=88    0.9787
    0.8.15   n=185   0.9812
    0.8.16   n=122   0.9787
    0.8.17   n=397   0.9800
    0.8.18   n=57    0.9830
    0.8.19   n=76    0.9851

wrote /scratch/eh3115/Decompliler/Decompliler/results/full_scores_clean_codebert.csv
