START
Wed Jun 24 16:19:20 +04 2026
cn270
resume: 0 stems already harvested
remaining: 109679
  [300/109679] 3.7/s ETA 8.3h
  [600/109679] 4.5/s ETA 6.7h
  [900/109679] 5.0/s ETA 6.1h
  [1200/109679] 5.1/s ETA 5.9h
  [1500/109679] 5.3/s ETA 5.7h
  [1800/109679] 5.4/s ETA 5.6h
  [2100/109679] 5.5/s ETA 5.5h
  [2400/109679] 5.0/s ETA 6.0h
  [2700/109679] 5.0/s ETA 5.9h
  [3000/109679] 5.1/s ETA 5.8h
  [3300/109679] 5.1/s ETA 5.8h
  [3600/109679] 5.2/s ETA 5.7h
  [3900/109679] 5.2/s ETA 5.6h
  [4200/109679] 5.2/s ETA 5.6h
  [4500/109679] 5.2/s ETA 5.6h
  [4800/109679] 5.3/s ETA 5.5h
  [5100/109679] 5.2/s ETA 5.6h
  [5400/109679] 5.2/s ETA 5.6h
  [5700/109679] 5.2/s ETA 5.5h
  [6000/109679] 5.2/s ETA 5.5h
  [6300/109679] 4.9/s ETA 5.8h
  [6600/109679] 5.0/s ETA 5.8h
  [6900/109679] 5.0/s ETA 5.7h
  [7200/109679] 5.0/s ETA 5.7h
  [7500/109679] 5.1/s ETA 5.6h
  [7800/109679] 5.1/s ETA 5.6h
  [8100/109679] 5.1/s ETA 5.5h
  [8400/109679] 5.1/s ETA 5.5h
  [8700/109679] 5.1/s ETA 5.5h
  [9000/109679] 5.1/s ETA 5.4h
  [9300/109679] 5.2/s ETA 5.4h
  [9600/109679] 5.2/s ETA 5.4h
  [9900/109679] 5.2/s ETA 5.3h
  [10200/109679] 5.2/s ETA 5.3h
  [10500/109679] 5.2/s ETA 5.3h
  [10800/109679] 5.2/s ETA 5.3h
  [11100/109679] 5.2/s ETA 5.2h
  [11400/109679] 5.2/s ETA 5.2h
  [11700/109679] 5.2/s ETA 5.2h
  [12000/109679] 5.2/s ETA 5.2h
  [12300/109679] 5.3/s ETA 5.1h
  [12600/109679] 5.3/s ETA 5.1h
  [12900/109679] 5.3/s ETA 5.1h
  [13200/109679] 5.3/s ETA 5.1h
  [13500/109679] 5.3/s ETA 5.0h
  [13800/109679] 5.3/s ETA 5.0h
  [14100/109679] 5.3/s ETA 5.0h
  [14400/109679] 5.3/s ETA 5.0h
  [14700/109679] 5.3/s ETA 5.0h
  [15000/109679] 5.2/s ETA 5.1h
  [15300/109679] 5.2/s ETA 5.0h
  [15600/109679] 5.2/s ETA 5.0h
  [15900/109679] 5.2/s ETA 5.0h
  [16200/109679] 5.2/s ETA 5.0h
  [16500/109679] 5.2/s ETA 5.0h
  [16800/109679] 5.2/s ETA 4.9h
  [17100/109679] 5.1/s ETA 5.0h
  [17400/109679] 5.1/s ETA 5.0h
  [17700/109679] 5.1/s ETA 5.0h
  [18000/109679] 5.1/s ETA 5.0h
  [18300/109679] 5.1/s ETA 5.0h
  [18600/109679] 5.1/s ETA 4.9h
  [18900/109679] 5.1/s ETA 4.9h
  [19200/109679] 5.1/s ETA 4.9h
  [19500/109679] 5.2/s ETA 4.9h
  [19800/109679] 5.2/s ETA 4.8h
  [20100/109679] 5.2/s ETA 4.8h
  [20400/109679] 5.2/s ETA 4.8h
  [20700/109679] 5.2/s ETA 4.8h
  [21000/109679] 5.2/s ETA 4.8h
  [21300/109679] 5.2/s ETA 4.7h
  [21600/109679] 5.2/s ETA 4.7h
  [21900/109679] 5.2/s ETA 4.7h
  [22200/109679] 5.2/s ETA 4.7h
  [22500/109679] 5.2/s ETA 4.6h
  [22800/109679] 5.2/s ETA 4.6h
  [23100/109679] 5.2/s ETA 4.6h
  [23400/109679] 5.2/s ETA 4.6h
  [23700/109679] 5.2/s ETA 4.6h
  [24000/109679] 5.2/s ETA 4.6h
  [24300/109679] 5.2/s ETA 4.5h
  [24600/109679] 5.2/s ETA 4.5h
  [24900/109679] 5.2/s ETA 4.5h
  [25200/109679] 5.2/s ETA 4.5h
  [25500/109679] 5.2/s ETA 4.5h
  [25800/109679] 5.2/s ETA 4.4h
  [26100/109679] 5.2/s ETA 4.4h
  [26400/109679] 5.3/s ETA 4.4h
  [26700/109679] 5.3/s ETA 4.4h
  [27000/109679] 5.3/s ETA 4.4h
  [27300/109679] 5.3/s ETA 4.3h
  [27600/109679] 5.3/s ETA 4.3h
  [27900/109679] 5.3/s ETA 4.3h
  [28200/109679] 5.3/s ETA 4.3h
  [28500/109679] 5.3/s ETA 4.3h
  [28800/109679] 5.3/s ETA 4.3h
  [29100/109679] 5.3/s ETA 4.2h
  [29400/109679] 5.3/s ETA 4.2h
  [29700/109679] 5.3/s ETA 4.2h
  [30000/109679] 5.3/s ETA 4.2h
  [30300/109679] 5.3/s ETA 4.2h
  [30600/109679] 5.3/s ETA 4.2h
  [30900/109679] 5.3/s ETA 4.2h
  [31200/109679] 5.3/s ETA 4.1h
  [31500/109679] 5.3/s ETA 4.1h
  [31800/109679] 5.3/s ETA 4.1h
  [32100/109679] 5.3/s ETA 4.1h
  [32400/109679] 5.3/s ETA 4.1h
  [32700/109679] 5.3/s ETA 4.0h
  [33000/109679] 5.3/s ETA 4.0h
  [33300/109679] 5.3/s ETA 4.0h
  [33600/109679] 5.3/s ETA 4.0h
  [33900/109679] 5.3/s ETA 4.0h
  [34200/109679] 5.3/s ETA 4.0h
  [34500/109679] 5.3/s ETA 3.9h
  [34800/109679] 5.3/s ETA 3.9h
  [35100/109679] 5.3/s ETA 3.9h
  [35400/109679] 5.3/s ETA 3.9h
  [35700/109679] 5.3/s ETA 3.9h
  [36000/109679] 5.3/s ETA 3.9h
  [36300/109679] 5.3/s ETA 3.8h
  [36600/109679] 5.3/s ETA 3.8h
  [36900/109679] 5.3/s ETA 3.8h
  [37200/109679] 5.3/s ETA 3.8h
  [37500/109679] 5.3/s ETA 3.8h
  [37800/109679] 5.3/s ETA 3.7h
  [38100/109679] 5.3/s ETA 3.7h
  [38400/109679] 5.3/s ETA 3.7h
  [38700/109679] 5.3/s ETA 3.7h
  [39000/109679] 5.3/s ETA 3.7h
  [39300/109679] 5.3/s ETA 3.7h
  [39600/109679] 5.3/s ETA 3.7h
  [39900/109679] 5.2/s ETA 3.7h
  [40200/109679] 5.2/s ETA 3.7h
  [40500/109679] 5.2/s ETA 3.7h
  [40800/109679] 5.2/s ETA 3.7h
  [41100/109679] 5.2/s ETA 3.7h
  [41400/109679] 5.2/s ETA 3.7h
  [41700/109679] 5.2/s ETA 3.7h
  [42000/109679] 5.1/s ETA 3.7h
  [42300/109679] 5.1/s ETA 3.7h
  [42600/109679] 5.1/s ETA 3.6h
  [42900/109679] 5.1/s ETA 3.6h
  [43200/109679] 5.1/s ETA 3.6h
  [43500/109679] 5.1/s ETA 3.6h
  [43800/109679] 5.1/s ETA 3.6h
  [44100/109679] 5.1/s ETA 3.6h
  [44400/109679] 5.1/s ETA 3.6h
  [44700/109679] 5.1/s ETA 3.6h
  [45000/109679] 5.1/s ETA 3.6h
  [45300/109679] 5.1/s ETA 3.5h
  [45600/109679] 5.0/s ETA 3.5h
  [45900/109679] 5.0/s ETA 3.5h
  [46200/109679] 5.0/s ETA 3.5h
  [46500/109679] 5.0/s ETA 3.5h
  [46800/109679] 5.0/s ETA 3.5h
  [47100/109679] 5.0/s ETA 3.5h
  [47400/109679] 5.0/s ETA 3.4h
  [47700/109679] 5.0/s ETA 3.4h
  [48000/109679] 5.0/s ETA 3.4h
  [48300/109679] 5.0/s ETA 3.4h
  [48600/109679] 5.0/s ETA 3.4h
  [48900/109679] 5.0/s ETA 3.4h
  [49200/109679] 5.0/s ETA 3.3h
  [49500/109679] 5.0/s ETA 3.3h
  [49800/109679] 5.0/s ETA 3.3h
  [50100/109679] 5.0/s ETA 3.3h
  [50400/109679] 5.0/s ETA 3.3h
  [50700/109679] 5.0/s ETA 3.3h
  [51000/109679] 5.0/s ETA 3.2h
  [51300/109679] 5.0/s ETA 3.2h
  [51600/109679] 5.0/s ETA 3.2h
  [51900/109679] 5.0/s ETA 3.2h
  [52200/109679] 5.0/s ETA 3.2h
  [52500/109679] 5.0/s ETA 3.2h
  [52800/109679] 5.0/s ETA 3.1h
  [53100/109679] 5.0/s ETA 3.1h
  [53400/109679] 5.0/s ETA 3.1h
  [53700/109679] 5.0/s ETA 3.1h
  [54000/109679] 5.0/s ETA 3.1h
  [54300/109679] 5.0/s ETA 3.1h
  [54600/109679] 4.9/s ETA 3.1h
  [54900/109679] 4.9/s ETA 3.1h
  [55200/109679] 4.9/s ETA 3.1h
  [55500/109679] 4.9/s ETA 3.1h
  [55800/109679] 4.9/s ETA 3.0h
  [56100/109679] 4.9/s ETA 3.0h
  [56400/109679] 4.9/s ETA 3.0h
  [56700/109679] 4.9/s ETA 3.0h
  [57000/109679] 4.9/s ETA 3.0h
  [57300/109679] 4.9/s ETA 3.0h
  [57600/109679] 4.9/s ETA 3.0h
  [57900/109679] 4.9/s ETA 3.0h
  [58200/109679] 4.9/s ETA 2.9h
  [58500/109679] 4.9/s ETA 2.9h
  [58800/109679] 4.9/s ETA 2.9h
  [59100/109679] 4.9/s ETA 2.9h
  [59400/109679] 4.9/s ETA 2.9h
  [59700/109679] 4.8/s ETA 2.9h
  [60000/109679] 4.8/s ETA 2.9h
  [60300/109679] 4.8/s ETA 2.8h
  [60600/109679] 4.8/s ETA 2.8h
  [60900/109679] 4.8/s ETA 2.8h
  [61200/109679] 4.8/s ETA 2.8h
  [61500/109679] 4.8/s ETA 2.8h
  [61800/109679] 4.8/s ETA 2.8h
  [62100/109679] 4.8/s ETA 2.7h
  [62400/109679] 4.8/s ETA 2.7h
  [62700/109679] 4.8/s ETA 2.7h
  [63000/109679] 4.8/s ETA 2.7h
  [63300/109679] 4.8/s ETA 2.7h
  [63600/109679] 4.8/s ETA 2.6h
  [63900/109679] 4.8/s ETA 2.6h
  [64200/109679] 4.8/s ETA 2.6h
  [64500/109679] 4.8/s ETA 2.6h
  [64800/109679] 4.8/s ETA 2.6h
  [65100/109679] 4.8/s ETA 2.6h
  [65400/109679] 4.8/s ETA 2.5h
  [65700/109679] 4.8/s ETA 2.5h
  [66000/109679] 4.8/s ETA 2.5h
  [66300/109679] 4.8/s ETA 2.5h
  [66600/109679] 4.8/s ETA 2.5h
  [66900/109679] 4.8/s ETA 2.5h
  [67200/109679] 4.8/s ETA 2.5h
  [67500/109679] 4.8/s ETA 2.4h
  [67800/109679] 4.8/s ETA 2.4h
  [68100/109679] 4.8/s ETA 2.4h
  [68400/109679] 4.8/s ETA 2.4h
  [68700/109679] 4.8/s ETA 2.4h
  [69000/109679] 4.8/s ETA 2.4h
  [69300/109679] 4.8/s ETA 2.3h
  [69600/109679] 4.8/s ETA 2.3h
  [69900/109679] 4.8/s ETA 2.3h
  [70200/109679] 4.8/s ETA 2.3h
  [70500/109679] 4.8/s ETA 2.3h
  [70800/109679] 4.8/s ETA 2.3h
  [71100/109679] 4.8/s ETA 2.2h
  [71400/109679] 4.8/s ETA 2.2h
  [71700/109679] 4.8/s ETA 2.2h
  [72000/109679] 4.8/s ETA 2.2h
  [72300/109679] 4.8/s ETA 2.2h
  [72600/109679] 4.8/s ETA 2.2h
  [72900/109679] 4.8/s ETA 2.1h
  [73200/109679] 4.8/s ETA 2.1h
  [73500/109679] 4.8/s ETA 2.1h
  [73800/109679] 4.8/s ETA 2.1h
  [74100/109679] 4.8/s ETA 2.1h
  [74400/109679] 4.8/s ETA 2.0h
  [74700/109679] 4.8/s ETA 2.0h
  [75000/109679] 4.8/s ETA 2.0h
  [75300/109679] 4.8/s ETA 2.0h
  [75600/109679] 4.8/s ETA 2.0h
  [75900/109679] 4.8/s ETA 2.0h
  [76200/109679] 4.8/s ETA 1.9h
  [76500/109679] 4.8/s ETA 1.9h
  [76800/109679] 4.8/s ETA 1.9h
  [77100/109679] 4.8/s ETA 1.9h
  [77400/109679] 4.8/s ETA 1.9h
  [77700/109679] 4.8/s ETA 1.8h
  [78000/109679] 4.8/s ETA 1.8h
  [78300/109679] 4.8/s ETA 1.8h
  [78600/109679] 4.8/s ETA 1.8h
  [78900/109679] 4.8/s ETA 1.8h
  [79200/109679] 4.8/s ETA 1.8h
  [79500/109679] 4.8/s ETA 1.7h
  [79800/109679] 4.8/s ETA 1.7h
  [80100/109679] 4.8/s ETA 1.7h
  [80400/109679] 4.8/s ETA 1.7h
  [80700/109679] 4.8/s ETA 1.7h
  [81000/109679] 4.8/s ETA 1.7h
  [81300/109679] 4.8/s ETA 1.6h
  [81600/109679] 4.8/s ETA 1.6h
  [81900/109679] 4.8/s ETA 1.6h
  [82200/109679] 4.8/s ETA 1.6h
  [82500/109679] 4.8/s ETA 1.6h
  [82800/109679] 4.8/s ETA 1.6h
  [83100/109679] 4.8/s ETA 1.5h
  [83400/109679] 4.8/s ETA 1.5h
  [83700/109679] 4.8/s ETA 1.5h
  [84000/109679] 4.8/s ETA 1.5h
  [84300/109679] 4.8/s ETA 1.5h
  [84600/109679] 4.8/s ETA 1.5h
  [84900/109679] 4.8/s ETA 1.4h
  [85200/109679] 4.8/s ETA 1.4h
  [85500/109679] 4.8/s ETA 1.4h
  [85800/109679] 4.8/s ETA 1.4h
  [86100/109679] 4.8/s ETA 1.4h
  [86400/109679] 4.8/s ETA 1.3h
  [86700/109679] 4.8/s ETA 1.3h
  [87000/109679] 4.8/s ETA 1.3h
  [87300/109679] 4.8/s ETA 1.3h
  [87600/109679] 4.8/s ETA 1.3h
  [87900/109679] 4.8/s ETA 1.3h
  [88200/109679] 4.8/s ETA 1.2h
  [88500/109679] 4.8/s ETA 1.2h
  [88800/109679] 4.8/s ETA 1.2h
  [89100/109679] 4.8/s ETA 1.2h
  [89400/109679] 4.8/s ETA 1.2h
  [89700/109679] 4.8/s ETA 1.2h
  [90000/109679] 4.8/s ETA 1.1h
  [90300/109679] 4.8/s ETA 1.1h
  [90600/109679] 4.8/s ETA 1.1h
  [90900/109679] 4.8/s ETA 1.1h
  [91200/109679] 4.8/s ETA 1.1h
  [91500/109679] 4.8/s ETA 1.1h
  [91800/109679] 4.8/s ETA 1.0h
  [92100/109679] 4.8/s ETA 1.0h
  [92400/109679] 4.8/s ETA 1.0h
  [92700/109679] 4.8/s ETA 1.0h
  [93000/109679] 4.8/s ETA 1.0h
  [93300/109679] 4.8/s ETA 0.9h
  [93600/109679] 4.8/s ETA 0.9h
  [93900/109679] 4.8/s ETA 0.9h
  [94200/109679] 4.8/s ETA 0.9h
  [94500/109679] 4.8/s ETA 0.9h
  [94800/109679] 4.8/s ETA 0.9h
  [95100/109679] 4.8/s ETA 0.8h
  [95400/109679] 4.8/s ETA 0.8h
  [95700/109679] 4.8/s ETA 0.8h
  [96000/109679] 4.8/s ETA 0.8h
  [96300/109679] 4.8/s ETA 0.8h
  [96600/109679] 4.8/s ETA 0.8h
  [96900/109679] 4.8/s ETA 0.7h
  [97200/109679] 4.8/s ETA 0.7h
  [97500/109679] 4.8/s ETA 0.7h
  [97800/109679] 4.8/s ETA 0.7h
  [98100/109679] 4.8/s ETA 0.7h
  [98400/109679] 4.8/s ETA 0.7h
  [98700/109679] 4.8/s ETA 0.6h
  [99000/109679] 4.8/s ETA 0.6h
  [99300/109679] 4.8/s ETA 0.6h
  [99600/109679] 4.8/s ETA 0.6h
  [99900/109679] 4.8/s ETA 0.6h
  [100200/109679] 4.8/s ETA 0.5h
  [100500/109679] 4.8/s ETA 0.5h
  [100800/109679] 4.8/s ETA 0.5h
  [101100/109679] 4.8/s ETA 0.5h
  [101400/109679] 4.8/s ETA 0.5h
  [101700/109679] 4.8/s ETA 0.5h
  [102000/109679] 4.8/s ETA 0.4h
  [102300/109679] 4.8/s ETA 0.4h
  [102600/109679] 4.8/s ETA 0.4h
  [102900/109679] 4.8/s ETA 0.4h
  [103200/109679] 4.8/s ETA 0.4h
  [103500/109679] 4.8/s ETA 0.4h
  [103800/109679] 4.8/s ETA 0.3h
  [104100/109679] 4.8/s ETA 0.3h
  [104400/109679] 4.8/s ETA 0.3h
  [104700/109679] 4.8/s ETA 0.3h
  [105000/109679] 4.8/s ETA 0.3h
  [105300/109679] 4.8/s ETA 0.3h
  [105600/109679] 4.8/s ETA 0.2h
  [105900/109679] 4.8/s ETA 0.2h
  [106200/109679] 4.8/s ETA 0.2h
  [106500/109679] 4.8/s ETA 0.2h
  [106800/109679] 4.8/s ETA 0.2h
  [107100/109679] 4.8/s ETA 0.2h
  [107400/109679] 4.8/s ETA 0.1h
  [107700/109679] 4.8/s ETA 0.1h
  [108000/109679] 4.8/s ETA 0.1h
  [108300/109679] 4.8/s ETA 0.1h
  [108600/109679] 4.8/s ETA 0.1h
  [108900/109679] 4.8/s ETA 0.0h
  [109200/109679] 4.8/s ETA 0.0h
  [109500/109679] 4.7/s ETA 0.0h
  [109679/109679] 4.7/s ETA 0.0h
done
END
Wed Jun 24 22:44:54 +04 2026
