JOB START
Tue Jun 16 14:58:11 +04 2026
cn270
resume: 0 already harvested
remaining: 109679
  [300/109679] 0.2/s ETA 125.2h
  [600/109679] 0.4/s ETA 70.2h
  [900/109679] 0.6/s ETA 48.2h
  [1200/109679] 0.7/s ETA 42.3h
  [1500/109679] 0.7/s ETA 41.4h
  [1800/109679] 0.8/s ETA 36.5h
  [2100/109679] 0.8/s ETA 35.9h
  [2400/109679] 0.8/s ETA 35.8h
  [2700/109679] 0.9/s ETA 32.7h
  [3000/109679] 0.8/s ETA 34.9h
  [3300/109679] 0.9/s ETA 33.1h
  [3600/109679] 0.9/s ETA 31.7h
  [3900/109679] 0.8/s ETA 35.0h
  [4200/109679] 0.8/s ETA 38.3h
  [4500/109679] 0.7/s ETA 40.1h
  [4800/109679] 0.7/s ETA 41.9h
  [5100/109679] 0.7/s ETA 42.1h
  [5400/109679] 0.7/s ETA 41.6h
  [5700/109679] 0.7/s ETA 42.4h
  [6000/109679] 0.7/s ETA 41.0h
  [6300/109679] 0.7/s ETA 42.2h
  [6600/109679] 0.7/s ETA 43.2h
  [6900/109679] 0.7/s ETA 42.6h
  [7200/109679] 0.7/s ETA 43.3h
  [7500/109679] 0.7/s ETA 43.3h
  [7800/109679] 0.7/s ETA 41.7h
  [8100/109679] 0.6/s ETA 43.6h
  [8400/109679] 0.6/s ETA 45.6h
  [8700/109679] 0.6/s ETA 47.7h
  [9000/109679] 0.6/s ETA 49.8h
  [9300/109679] 0.5/s ETA 51.6h
  [9600/109679] 0.5/s ETA 52.0h
  [9900/109679] 0.5/s ETA 53.0h
  [10200/109679] 0.5/s ETA 54.3h
  [10500/109679] 0.5/s ETA 55.6h
  [10800/109679] 0.5/s ETA 55.3h
  [11100/109679] 0.5/s ETA 54.6h
  [11400/109679] 0.5/s ETA 53.6h
  [11700/109679] 0.5/s ETA 52.2h
  [12000/109679] 0.5/s ETA 51.4h
  [12300/109679] 0.5/s ETA 50.3h
  [12600/109679] 0.5/s ETA 50.6h
  [12900/109679] 0.5/s ETA 50.6h
  [13200/109679] 0.5/s ETA 49.4h
  [13500/109679] 0.6/s ETA 48.3h
  [13800/109679] 0.6/s ETA 47.2h
  [14100/109679] 0.6/s ETA 47.8h
  [14400/109679] 0.6/s ETA 47.6h
  [14700/109679] 0.5/s ETA 48.3h
  [15000/109679] 0.5/s ETA 48.5h
  [15300/109679] 0.5/s ETA 47.7h
  [15600/109679] 0.6/s ETA 46.8h
  [15900/109679] 0.6/s ETA 45.8h
  [16200/109679] 0.6/s ETA 45.0h
  [16500/109679] 0.6/s ETA 44.1h
  [16800/109679] 0.6/s ETA 43.3h
  [17100/109679] 0.6/s ETA 42.5h
  [17400/109679] 0.6/s ETA 41.8h
  [17700/109679] 0.6/s ETA 41.1h
  [18000/109679] 0.6/s ETA 40.4h
  [18300/109679] 0.6/s ETA 39.8h
  [18600/109679] 0.6/s ETA 40.1h
  [18900/109679] 0.6/s ETA 40.0h
  [19200/109679] 0.6/s ETA 40.0h
  [19500/109679] 0.6/s ETA 40.0h
  [19800/109679] 0.6/s ETA 40.3h
  [20100/109679] 0.6/s ETA 40.5h
  [20400/109679] 0.6/s ETA 40.3h
  [20700/109679] 0.6/s ETA 40.7h
  [21000/109679] 0.6/s ETA 41.1h
  [21300/109679] 0.6/s ETA 41.9h
  [21600/109679] 0.6/s ETA 42.1h
  [21900/109679] 0.6/s ETA 42.4h
  [22200/109679] 0.6/s ETA 42.6h
  [22500/109679] 0.6/s ETA 42.8h
  [22800/109679] 0.6/s ETA 43.0h
  [23100/109679] 0.6/s ETA 43.3h
  [23400/109679] 0.5/s ETA 43.6h
  [23700/109679] 0.6/s ETA 43.2h
  [24000/109679] 0.5/s ETA 43.4h
  [24300/109679] 0.5/s ETA 43.7h
  [24600/109679] 0.5/s ETA 44.0h
  [24900/109679] 0.5/s ETA 44.4h
  [25200/109679] 0.5/s ETA 44.6h
  [25500/109679] 0.5/s ETA 44.2h
  [25800/109679] 0.5/s ETA 43.6h
  [26100/109679] 0.5/s ETA 43.9h
  [26400/109679] 0.5/s ETA 44.2h
  [26700/109679] 0.5/s ETA 44.3h
  [27000/109679] 0.5/s ETA 44.6h
  [27300/109679] 0.5/s ETA 44.4h
  [27600/109679] 0.5/s ETA 43.8h
  [27900/109679] 0.5/s ETA 44.0h
  [28200/109679] 0.5/s ETA 43.8h
  [28500/109679] 0.5/s ETA 44.0h
  [28800/109679] 0.5/s ETA 44.0h
  [29100/109679] 0.5/s ETA 43.6h
  [29400/109679] 0.5/s ETA 43.0h
  [29700/109679] 0.5/s ETA 42.5h
  [30000/109679] 0.5/s ETA 41.9h
  [30300/109679] 0.5/s ETA 41.4h
  [30600/109679] 0.5/s ETA 40.9h
  [30900/109679] 0.5/s ETA 40.4h
  [31200/109679] 0.5/s ETA 39.8h
  [31500/109679] 0.6/s ETA 39.3h
  [31800/109679] 0.6/s ETA 38.9h
  [32100/109679] 0.6/s ETA 38.4h
  [32400/109679] 0.6/s ETA 37.9h
  [32700/109679] 0.6/s ETA 37.4h
  [33000/109679] 0.6/s ETA 37.0h
  [33300/109679] 0.6/s ETA 36.9h
  [33600/109679] 0.6/s ETA 36.8h
  [33900/109679] 0.6/s ETA 36.5h
  [34200/109679] 0.6/s ETA 36.0h
  [34500/109679] 0.6/s ETA 35.6h
  [34800/109679] 0.6/s ETA 35.3h
  [35100/109679] 0.6/s ETA 34.9h
  [35400/109679] 0.6/s ETA 34.5h
  [35700/109679] 0.6/s ETA 34.1h
  [36000/109679] 0.6/s ETA 33.7h
  [36300/109679] 0.6/s ETA 33.4h
  [36600/109679] 0.6/s ETA 33.0h
  [36900/109679] 0.6/s ETA 32.6h
  [37200/109679] 0.6/s ETA 32.2h
  [37500/109679] 0.6/s ETA 31.8h
  [37800/109679] 0.6/s ETA 31.5h
  [38100/109679] 0.6/s ETA 31.1h
  [38400/109679] 0.6/s ETA 30.8h
  [38700/109679] 0.6/s ETA 30.4h
  [39000/109679] 0.7/s ETA 30.1h
  [39300/109679] 0.7/s ETA 29.8h
  [39600/109679] 0.7/s ETA 29.5h
  [39900/109679] 0.7/s ETA 29.2h
  [40200/109679] 0.7/s ETA 28.8h
  [40500/109679] 0.7/s ETA 28.6h
  [40800/109679] 0.7/s ETA 28.4h
  [41100/109679] 0.7/s ETA 28.2h
  [41400/109679] 0.7/s ETA 28.0h
  [41700/109679] 0.7/s ETA 27.8h
  [42000/109679] 0.7/s ETA 27.6h
  [42300/109679] 0.7/s ETA 27.6h
  [42600/109679] 0.7/s ETA 27.5h
  [42900/109679] 0.7/s ETA 27.4h
  [43200/109679] 0.7/s ETA 27.3h
  [43500/109679] 0.7/s ETA 27.2h
  [43800/109679] 0.7/s ETA 27.1h
  [44100/109679] 0.7/s ETA 26.9h
  [44400/109679] 0.7/s ETA 26.6h
  [44700/109679] 0.7/s ETA 26.4h
  [45000/109679] 0.7/s ETA 26.2h
  [45300/109679] 0.7/s ETA 26.1h
  [45600/109679] 0.7/s ETA 25.8h
  [45900/109679] 0.7/s ETA 25.6h
  [46200/109679] 0.7/s ETA 25.3h
  [46500/109679] 0.7/s ETA 25.1h
  [46800/109679] 0.7/s ETA 24.9h
  [47100/109679] 0.7/s ETA 24.9h
  [47400/109679] 0.7/s ETA 24.7h
  [47700/109679] 0.7/s ETA 24.5h
  [48000/109679] 0.7/s ETA 24.2h
  [48300/109679] 0.7/s ETA 24.3h
  [48600/109679] 0.7/s ETA 24.2h
  [48900/109679] 0.7/s ETA 24.3h
  [49200/109679] 0.7/s ETA 24.1h
  [49500/109679] 0.7/s ETA 23.9h
  [49800/109679] 0.7/s ETA 23.7h
  [50100/109679] 0.7/s ETA 23.6h
  [50400/109679] 0.7/s ETA 23.4h
  [50700/109679] 0.7/s ETA 23.1h
  [51000/109679] 0.7/s ETA 22.9h
  [51300/109679] 0.7/s ETA 22.8h
  [51600/109679] 0.7/s ETA 22.7h
  [51900/109679] 0.7/s ETA 22.5h
  [52200/109679] 0.7/s ETA 22.3h
  [52500/109679] 0.7/s ETA 22.1h
  [52800/109679] 0.7/s ETA 21.8h
  [53100/109679] 0.7/s ETA 21.6h
  [53400/109679] 0.7/s ETA 21.4h
  [53700/109679] 0.7/s ETA 21.2h
  [54000/109679] 0.7/s ETA 21.0h
  [54300/109679] 0.7/s ETA 20.8h
  [54600/109679] 0.7/s ETA 20.6h
  [54900/109679] 0.7/s ETA 20.4h
  [55200/109679] 0.7/s ETA 20.2h
  [55500/109679] 0.7/s ETA 20.2h
  [55800/109679] 0.7/s ETA 20.3h
  [56100/109679] 0.7/s ETA 20.4h
  [56400/109679] 0.7/s ETA 20.5h
  [56700/109679] 0.7/s ETA 20.5h
  [57000/109679] 0.7/s ETA 20.5h
  [57300/109679] 0.7/s ETA 20.4h
  [57600/109679] 0.7/s ETA 20.4h
  [57900/109679] 0.7/s ETA 20.2h
  [58200/109679] 0.7/s ETA 20.0h
  [58500/109679] 0.7/s ETA 20.0h
  [58800/109679] 0.7/s ETA 19.9h
  [59100/109679] 0.7/s ETA 19.8h
  [59400/109679] 0.7/s ETA 19.7h
  [59700/109679] 0.7/s ETA 19.5h
  [60000/109679] 0.7/s ETA 19.3h
  [60300/109679] 0.7/s ETA 19.1h
  [60600/109679] 0.7/s ETA 18.9h
  [60900/109679] 0.7/s ETA 18.9h
  [61200/109679] 0.7/s ETA 18.8h
  [61500/109679] 0.7/s ETA 18.6h
  [61800/109679] 0.7/s ETA 18.4h
  [62100/109679] 0.7/s ETA 18.2h
  [62400/109679] 0.7/s ETA 18.1h
  [62700/109679] 0.7/s ETA 17.9h
  [63000/109679] 0.7/s ETA 17.7h
  [63300/109679] 0.7/s ETA 17.6h
