START
Thu Jun 25 20:12:49 +04 2026
cn270
Vocabulary size: 32280
Parameters: 1,346,570,240
Train: 27882 | Valid: 9293
Starting full fine-tuning ...
Fresh start (no prior checkpoint)
{'loss': 3.9206, 'grad_norm': 7.21875, 'learning_rate': 4.000000000000001e-06, 'epoch': 0.11}
{'loss': 0.6637, 'grad_norm': 5.9375, 'learning_rate': 8.000000000000001e-06, 'epoch': 0.23}
{'loss': 0.4525, 'grad_norm': 2.484375, 'learning_rate': 1.2e-05, 'epoch': 0.34}
{'loss': 0.3895, 'grad_norm': 2.765625, 'learning_rate': 1.6000000000000003e-05, 'epoch': 0.46}
{'loss': 0.3616, 'grad_norm': 2.578125, 'learning_rate': 2e-05, 'epoch': 0.57}
{'loss': 0.3649, 'grad_norm': 1.7578125, 'learning_rate': 1.988967585187035e-05, 'epoch': 0.69}
{'loss': 0.3405, 'grad_norm': 1.2890625, 'learning_rate': 1.956113769101351e-05, 'epoch': 0.8}
{'loss': 0.3636, 'grad_norm': 2.578125, 'learning_rate': 1.9021634655974397e-05, 'epoch': 0.92}
{'loss': 0.3165, 'grad_norm': 1.734375, 'learning_rate': 1.8283070789303826e-05, 'epoch': 1.03}
{'loss': 0.3058, 'grad_norm': 1.2734375, 'learning_rate': 1.7361742376887745e-05, 'epoch': 1.15}
{'eval_loss': nan, 'eval_runtime': 309.1644, 'eval_samples_per_second': 30.058, 'eval_steps_per_second': 3.759, 'epoch': 1.15}
{'loss': 0.3071, 'grad_norm': 3.28125, 'learning_rate': 1.6277978373175648e-05, 'epoch': 1.26}
{'loss': 0.2876, 'grad_norm': 1.53125, 'learning_rate': 1.5055691846264164e-05, 'epoch': 1.38}
{'loss': 0.2961, 'grad_norm': 1.84375, 'learning_rate': 1.3721852340123651e-05, 'epoch': 1.49}
{'loss': 0.281, 'grad_norm': 1.921875, 'learning_rate': 1.2305890796205446e-05, 'epoch': 1.61}
{'loss': 0.2682, 'grad_norm': 3.625, 'learning_rate': 1.0839050164732962e-05, 'epoch': 1.72}
{'loss': 0.2853, 'grad_norm': 2.03125, 'learning_rate': 9.353696034328042e-06, 'epoch': 1.84}
{'loss': 0.2822, 'grad_norm': 0.90234375, 'learning_rate': 7.882602490812235e-06, 'epoch': 1.95}
{'loss': 0.2937, 'grad_norm': 2.5, 'learning_rate': 6.458228962587026e-06, 'epoch': 2.07}
{'loss': 0.2562, 'grad_norm': 1.4921875, 'learning_rate': 5.112004008876388e-06, 'epoch': 2.18}
{'loss': 0.2726, 'grad_norm': 1.515625, 'learning_rate': 3.873631853922116e-06, 'epoch': 2.29}
{'eval_loss': nan, 'eval_runtime': 308.8029, 'eval_samples_per_second': 30.094, 'eval_steps_per_second': 3.763, 'epoch': 2.29}
{'loss': 0.2704, 'grad_norm': 1.546875, 'learning_rate': 2.7704369683367782e-06, 'epoch': 2.41}
{'loss': 0.256, 'grad_norm': 0.9296875, 'learning_rate': 1.8267611593150137e-06, 'epoch': 2.52}
{'loss': 0.2656, 'grad_norm': 3.34375, 'learning_rate': 1.063426472804997e-06, 'epoch': 2.64}
{'loss': 0.286, 'grad_norm': 1.46875, 'learning_rate': 4.972757586121302e-07, 'epoch': 2.75}
{'loss': 0.2797, 'grad_norm': 1.25, 'learning_rate': 1.4080103578768213e-07, 'epoch': 2.87}
{'loss': 0.2756, 'grad_norm': 1.640625, 'learning_rate': 1.867858356724428e-09, 'epoch': 2.98}
{'train_runtime': 11243.3961, 'train_samples_per_second': 7.44, 'train_steps_per_second': 0.232, 'train_loss': 0.4583939014154515, 'epoch': 3.0}
Done. Checkpoints saved to /scratch/eh3115/Decompliler/Decompliler/checkpoints/nova-gigahorse-1.3b
END
Thu Jun 25 23:22:23 +04 2026
